#
# There is insufficient memory for the Java Runtime Environment to continue.
# Native memory allocation (malloc) failed to allocate 273936 bytes for Chunk::new
# Possible reasons:
#   The system is out of physical RAM or swap space
#   In 32 bit mode, the process size limit was hit
# Possible solutions:
#   Reduce memory load on the system
#   Increase physical memory or swap space
#   Check if swap backing store is full
#   Use 64 bit Java on a 64 bit OS
#   Decrease Java heap size (-Xmx/-Xms)
#   Decrease number of Java threads
#   Decrease Java thread stack sizes (-Xss)
#   Set larger code cache with -XX:ReservedCodeCacheSize=
# This output file may be truncated or incomplete.
#
#  Out of Memory Error (allocation.cpp:390), pid=2412, tid=0x00000000000009d8
#
# JRE version: Java(TM) SE Runtime Environment (8.0_162-b12) (build 1.8.0_162-b12)
# Java VM: Java HotSpot(TM) 64-Bit Server VM (25.162-b12 mixed mode windows-amd64 compressed oops)
# Failed to write core dump. Minidumps are not enabled by default on client versions of Windows
#

---------------  T H R E A D  ---------------

Current thread (0x0000000058492000):  JavaThread "C2 CompilerThread0" daemon [_thread_in_native, id=2520, stack(0x0000000058060000,0x0000000058160000)]

Stack: [0x0000000058060000,0x0000000058160000]
[error occurred during error reporting (printing stack bounds), id 0xc0000005]

Native frames: (J=compiled Java code, j=interpreted, Vv=VM code, C=native code)


Current CompileTask:
C2:   2042 1118       4       java.io.WinNTFileSystem::normalize (143 bytes)


---------------  P R O C E S S  ---------------

Java Threads: ( => current thread )
  0x00000000597d1800 JavaThread "background-preinit" [_thread_blocked, id=4984, stack(0x000000005a200000,0x000000005a300000)]
  0x0000000058589000 JavaThread "Service Thread" daemon [_thread_blocked, id=3224, stack(0x0000000058e20000,0x0000000058f20000)]
  0x0000000058496000 JavaThread "C1 CompilerThread2" daemon [_thread_blocked, id=5044, stack(0x0000000058cc0000,0x0000000058dc0000)]
  0x0000000058494800 JavaThread "C2 CompilerThread1" daemon [_thread_in_native, id=3176, stack(0x0000000058bb0000,0x0000000058cb0000)]
=>0x0000000058492000 JavaThread "C2 CompilerThread0" daemon [_thread_in_native, id=2520, stack(0x0000000058060000,0x0000000058160000)]
  0x00000000578ce000 JavaThread "JDWP Command Reader" daemon [_thread_in_native, id=3276, stack(0x00000000581c0000,0x00000000582c0000)]
  0x00000000578cc800 JavaThread "JDWP Event Helper Thread" daemon [_thread_blocked, id=3868, stack(0x0000000057df0000,0x0000000057ef0000)]
  0x00000000578c1800 JavaThread "JDWP Transport Listener: dt_socket" daemon [_thread_blocked, id=4936, stack(0x0000000057670000,0x0000000057770000)]
  0x000000005789d800 JavaThread "Attach Listener" daemon [_thread_blocked, id=3128, stack(0x0000000057f10000,0x0000000058010000)]
  0x000000005789c800 JavaThread "Signal Dispatcher" daemon [_thread_blocked, id=4388, stack(0x0000000057ca0000,0x0000000057da0000)]
  0x0000000056621000 JavaThread "Finalizer" daemon [_thread_blocked, id=4204, stack(0x0000000057430000,0x0000000057530000)]
  0x00000000565d9800 JavaThread "Reference Handler" daemon [_thread_blocked, id=4084, stack(0x0000000057790000,0x0000000057890000)]
  0x000000000242e000 JavaThread "main" [_thread_blocked, id=1272, stack(0x0000000002690000,0x0000000002790000)]

Other Threads:
  0x00000000565d2000 VMThread [stack: 0x0000000057570000,0x0000000057670000] [id=4020]
  0x0000000058496800 WatcherThread [stack: 0x0000000058f30000,0x0000000059030000] [id=4192]

VM state:not at safepoint (normal execution)

VM Mutex/Monitor currently owned by a thread:  ([mutex/lock_event])
[0x000000000242d3e0] Compile_lock - owner thread: 0x00000000597d1800

Heap:
 PSYoungGen      total 53248K, used 20789K [0x00000000e0000000, 0x00000000e3800000, 0x0000000100000000)
  eden space 49152K, 33% used [0x00000000e0000000,0x00000000e104e0b0,0x00000000e3000000)
  from space 4096K, 99% used [0x00000000e3400000,0x00000000e37ff398,0x00000000e3800000)
  to   space 4096K, 0% used [0x00000000e3000000,0x00000000e3000000,0x00000000e3400000)
 ParOldGen       total 65536K, used 1533K [0x00000000a0000000, 0x00000000a4000000, 0x00000000e0000000)
  object space 65536K, 2% used [0x00000000a0000000,0x00000000a017f7d8,0x00000000a4000000)
 Metaspace       used 15356K, capacity 15562K, committed 15744K, reserved 1062912K
  class space    used 1879K, capacity 1917K, committed 1920K, reserved 1048576K

Card table byte_map: [0x0000000011cc0000,0x0000000011fd0000] byte_map_base: 0x00000000117c0000

Marking Bits: (ParMarkBitMap*) 0x000000006b860860
 Begin Bits: [0x0000000012940000, 0x0000000014140000)
 End Bits:   [0x0000000014140000, 0x0000000015940000)

Polling page: 0x0000000000130000

CodeCache: size=245760Kb used=4364Kb max_used=4364Kb free=241395Kb
 bounds [0x0000000002900000, 0x0000000002d50000, 0x0000000011900000]
 total_blobs=1439 nmethods=1126 adapters=234
 compilation: enabled

Compilation events (10 events):
Event: 2.005 Thread 0x0000000058496000 1126       3       java.net.URLClassLoader$2::run (5 bytes)
Event: 2.006 Thread 0x0000000058496000 nmethod 1126 0x0000000002d2e310 code [0x0000000002d2e480, 0x0000000002d2e6c8]
Event: 2.010 Thread 0x0000000058496000 1127       3       java.util.Hashtable::<init> (114 bytes)
Event: 2.012 Thread 0x0000000058496000 nmethod 1127 0x0000000002d3e250 code [0x0000000002d3e520, 0x0000000002d3f7a8]
Event: 2.013 Thread 0x0000000058496000 1128   !   3       java.lang.ClassLoader::definePackage (77 bytes)
Event: 2.013 Thread 0x0000000058496000 nmethod 1128 0x0000000002d40050 code [0x0000000002d40200, 0x0000000002d408d8]
Event: 2.015 Thread 0x0000000058496000 1129       3       java.net.URLClassLoader::definePackage (271 bytes)
Event: 2.017 Thread 0x0000000058496000 nmethod 1129 0x0000000002d40d90 code [0x0000000002d41220, 0x0000000002d44168]
Event: 2.026 Thread 0x0000000058496000 1130       3       java.lang.ref.SoftReference::<init> (14 bytes)
Event: 2.027 Thread 0x0000000058496000 nmethod 1130 0x0000000002d24ad0 code [0x0000000002d24c40, 0x0000000002d24ef0]

GC Heap History (8 events):
Event: 0.887 GC heap before
{Heap before GC invocations=1 (full 0):
 PSYoungGen      total 28672K, used 24576K [0x00000000e0000000, 0x00000000e2000000, 0x0000000100000000)
  eden space 24576K, 100% used [0x00000000e0000000,0x00000000e1800000,0x00000000e1800000)
  from space 4096K, 0% used [0x00000000e1c00000,0x00000000e1c00000,0x00000000e2000000)
  to   space 4096K, 0% used [0x00000000e1800000,0x00000000e1800000,0x00000000e1c00000)
 ParOldGen       total 65536K, used 0K [0x00000000a0000000, 0x00000000a4000000, 0x00000000e0000000)
  object space 65536K, 0% used [0x00000000a0000000,0x00000000a0000000,0x00000000a4000000)
 Metaspace       used 6951K, capacity 7098K, committed 7296K, reserved 1056768K
  class space    used 809K, capacity 853K, committed 896K, reserved 1048576K
Event: 0.894 GC heap after
Heap after GC invocations=1 (full 0):
 PSYoungGen      total 28672K, used 3913K [0x00000000e0000000, 0x00000000e2000000, 0x0000000100000000)
  eden space 24576K, 0% used [0x00000000e0000000,0x00000000e0000000,0x00000000e1800000)
  from space 4096K, 95% used [0x00000000e1800000,0x00000000e1bd26f0,0x00000000e1c00000)
  to   space 4096K, 0% used [0x00000000e1c00000,0x00000000e1c00000,0x00000000e2000000)
 ParOldGen       total 65536K, used 8K [0x00000000a0000000, 0x00000000a4000000, 0x00000000e0000000)
  object space 65536K, 0% used [0x00000000a0000000,0x00000000a0002000,0x00000000a4000000)
 Metaspace       used 6951K, capacity 7098K, committed 7296K, reserved 1056768K
  class space    used 809K, capacity 853K, committed 896K, reserved 1048576K
}
Event: 1.273 GC heap before
{Heap before GC invocations=2 (full 0):
 PSYoungGen      total 28672K, used 28489K [0x00000000e0000000, 0x00000000e2000000, 0x0000000100000000)
  eden space 24576K, 100% used [0x00000000e0000000,0x00000000e1800000,0x00000000e1800000)
  from space 4096K, 95% used [0x00000000e1800000,0x00000000e1bd26f0,0x00000000e1c00000)
  to   space 4096K, 0% used [0x00000000e1c00000,0x00000000e1c00000,0x00000000e2000000)
 ParOldGen       total 65536K, used 8K [0x00000000a0000000, 0x00000000a4000000, 0x00000000e0000000)
  object space 65536K, 0% used [0x00000000a0000000,0x00000000a0002000,0x00000000a4000000)
 Metaspace       used 9120K, capacity 9258K, committed 9344K, reserved 1056768K
  class space    used 1098K, capacity 1117K, committed 1152K, reserved 1048576K
Event: 1.281 GC heap after
Heap after GC invocations=2 (full 0):
 PSYoungGen      total 28672K, used 4082K [0x00000000e0000000, 0x00000000e3800000, 0x0000000100000000)
  eden space 24576K, 0% used [0x00000000e0000000,0x00000000e0000000,0x00000000e1800000)
  from space 4096K, 99% used [0x00000000e1c00000,0x00000000e1ffcb98,0x00000000e2000000)
  to   space 4096K, 0% used [0x00000000e1800000,0x00000000e1800000,0x00000000e1c00000)
 ParOldGen       total 65536K, used 16K [0x00000000a0000000, 0x00000000a4000000, 0x00000000e0000000)
  object space 65536K, 0% used [0x00000000a0000000,0x00000000a0004000,0x00000000a4000000)
 Metaspace       used 9120K, capacity 9258K, committed 9344K, reserved 1056768K
  class space    used 1098K, capacity 1117K, committed 1152K, reserved 1048576K
}
Event: 1.632 GC heap before
{Heap before GC invocations=3 (full 0):
 PSYoungGen      total 28672K, used 28658K [0x00000000e0000000, 0x00000000e3800000, 0x0000000100000000)
  eden space 24576K, 100% used [0x00000000e0000000,0x00000000e1800000,0x00000000e1800000)
  from space 4096K, 99% used [0x00000000e1c00000,0x00000000e1ffcb98,0x00000000e2000000)
  to   space 4096K, 0% used [0x00000000e1800000,0x00000000e1800000,0x00000000e1c00000)
 ParOldGen       total 65536K, used 16K [0x00000000a0000000, 0x00000000a4000000, 0x00000000e0000000)
  object space 65536K, 0% used [0x00000000a0000000,0x00000000a0004000,0x00000000a4000000)
 Metaspace       used 11002K, capacity 11210K, committed 11392K, reserved 1058816K
  class space    used 1372K, capacity 1405K, committed 1408K, reserved 1048576K
Event: 1.647 GC heap after
Heap after GC invocations=3 (full 0):
 PSYoungGen      total 28672K, used 4069K [0x00000000e0000000, 0x00000000e3800000, 0x0000000100000000)
  eden space 24576K, 0% used [0x00000000e0000000,0x00000000e0000000,0x00000000e1800000)
  from space 4096K, 99% used [0x00000000e1800000,0x00000000e1bf9418,0x00000000e1c00000)
  to   space 4096K, 0% used [0x00000000e3400000,0x00000000e3400000,0x00000000e3800000)
 ParOldGen       total 65536K, used 38K [0x00000000a0000000, 0x00000000a4000000, 0x00000000e0000000)
  object space 65536K, 0% used [0x00000000a0000000,0x00000000a00099b8,0x00000000a4000000)
 Metaspace       used 11002K, capacity 11210K, committed 11392K, reserved 1058816K
  class space    used 1372K, capacity 1405K, committed 1408K, reserved 1048576K
}
Event: 1.806 GC heap before
{Heap before GC invocations=4 (full 0):
 PSYoungGen      total 28672K, used 28645K [0x00000000e0000000, 0x00000000e3800000, 0x0000000100000000)
  eden space 24576K, 100% used [0x00000000e0000000,0x00000000e1800000,0x00000000e1800000)
  from space 4096K, 99% used [0x00000000e1800000,0x00000000e1bf9418,0x00000000e1c00000)
  to   space 4096K, 0% used [0x00000000e3400000,0x00000000e3400000,0x00000000e3800000)
 ParOldGen       total 65536K, used 38K [0x00000000a0000000, 0x00000000a4000000, 0x00000000e0000000)
  object space 65536K, 0% used [0x00000000a0000000,0x00000000a00099b8,0x00000000a4000000)
 Metaspace       used 13723K, capacity 13930K, committed 14080K, reserved 1060864K
  class space    used 1672K, capacity 1693K, committed 1792K, reserved 1048576K
Event: 1.841 GC heap after
Heap after GC invocations=4 (full 0):
 PSYoungGen      total 53248K, used 4092K [0x00000000e0000000, 0x00000000e3800000, 0x0000000100000000)
  eden space 49152K, 0% used [0x00000000e0000000,0x00000000e0000000,0x00000000e3000000)
  from space 4096K, 99% used [0x00000000e3400000,0x00000000e37ff398,0x00000000e3800000)
  to   space 4096K, 0% used [0x00000000e3000000,0x00000000e3000000,0x00000000e3400000)
 ParOldGen       total 65536K, used 1533K [0x00000000a0000000, 0x00000000a4000000, 0x00000000e0000000)
  object space 65536K, 2% used [0x00000000a0000000,0x00000000a017f7d8,0x00000000a4000000)
 Metaspace       used 13723K, capacity 13930K, committed 14080K, reserved 1060864K
  class space    used 1672K, capacity 1693K, committed 1792K, reserved 1048576K
}

Deoptimization events (10 events):
Event: 0.700 Thread 0x000000000242e000 Uncommon trap: reason=unstable_if action=reinterpret pc=0x0000000002a941b4 method=java.util.HashMap.getNode(ILjava/lang/Object;)Ljava/util/HashMap$Node; @ 129
Event: 0.995 Thread 0x000000000242e000 Uncommon trap: reason=unstable_if action=reinterpret pc=0x0000000002baf448 method=java.io.WinNTFileSystem.normalize(Ljava/lang/String;)Ljava/lang/String; @ 128
Event: 0.995 Thread 0x000000000242e000 Uncommon trap: reason=unstable_if action=reinterpret pc=0x0000000002ae1630 method=java.lang.String.indexOf([CII[CIII)I @ 3
Event: 1.067 Thread 0x000000000242e000 Uncommon trap: reason=unstable_if action=reinterpret pc=0x0000000002b5a13c method=java.lang.AbstractStringBuilder.append(Ljava/lang/String;)Ljava/lang/AbstractStringBuilder; @ 1
Event: 1.067 Thread 0x000000000242e000 Uncommon trap: reason=unstable_if action=reinterpret pc=0x0000000002b3a674 method=java.lang.AbstractStringBuilder.append(Ljava/lang/String;)Ljava/lang/AbstractStringBuilder; @ 1
Event: 1.180 Thread 0x000000000242e000 Uncommon trap: reason=range_check action=make_not_entrant pc=0x0000000002b3d23c method=sun.reflect.generics.parser.SignatureParser.current()C @ 34
Event: 1.253 Thread 0x000000000242e000 Uncommon trap: reason=unstable_if action=reinterpret pc=0x0000000002c3db9c method=java.util.Properties$LineReader.readLine()I @ 37
Event: 1.262 Thread 0x000000000242e000 Uncommon trap: reason=unstable_if action=reinterpret pc=0x0000000002c34574 method=java.util.Properties$LineReader.readLine()I @ 105
Event: 1.787 Thread 0x000000000242e000 Uncommon trap: reason=unstable_if action=reinterpret pc=0x0000000002b827c4 method=java.util.HashMap.hash(Ljava/lang/Object;)I @ 1
Event: 1.788 Thread 0x000000000242e000 Uncommon trap: reason=unstable_if action=reinterpret pc=0x0000000002b3cca8 method=java.util.HashMap.hash(Ljava/lang/Object;)I @ 1

Classes redefined (0 events):
No events

Internal exceptions (10 events):
Event: 1.253 Thread 0x000000000242e000 Implicit null exception at 0x0000000002c3d5e6 to 0x0000000002c3db6d
Event: 1.262 Thread 0x000000000242e000 Implicit null exception at 0x0000000002c33b80 to 0x0000000002c34541
Event: 1.461 Thread 0x000000000242e000 Exception <a 'java/lang/ClassNotFoundException': org/springframework/boot/context/config/ConfigFileApplicationListener$SpringProfilesBeanInfo> (0x00000000e0d71f78) thrown at [C:\re\workspace\8-2-build-windows-amd64-cygwin\jdk8u162\10278\hotspot\src\share\
Event: 1.461 Thread 0x000000000242e000 Exception <a 'java/lang/ClassNotFoundException': java/lang/ObjectBeanInfo> (0x00000000e0d7bad8) thrown at [C:\re\workspace\8-2-build-windows-amd64-cygwin\jdk8u162\10278\hotspot\src\share\vm\classfile\systemDictionary.cpp, line 210]
Event: 1.462 Thread 0x000000000242e000 Exception <a 'java/lang/ClassNotFoundException': java/lang/ObjectCustomizer> (0x00000000e0d85e28) thrown at [C:\re\workspace\8-2-build-windows-amd64-cygwin\jdk8u162\10278\hotspot\src\share\vm\classfile\systemDictionary.cpp, line 210]
Event: 1.466 Thread 0x000000000242e000 Exception <a 'java/lang/ClassNotFoundException': org/springframework/boot/context/config/ConfigFileApplicationListener$SpringProfilesCustomizer> (0x00000000e0dc8f00) thrown at [C:\re\workspace\8-2-build-windows-amd64-cygwin\jdk8u162\10278\hotspot\src\shar
Event: 1.513 Thread 0x000000000242e000 Exception <a 'java/lang/ClassNotFoundException': org/springframework/boot/SpringApplicationBeanInfo> (0x00000000e11ce8b0) thrown at [C:\re\workspace\8-2-build-windows-amd64-cygwin\jdk8u162\10278\hotspot\src\share\vm\classfile\systemDictionary.cpp, line 21
Event: 1.513 Thread 0x000000000242e000 Exception <a 'java/lang/ClassNotFoundException': org/springframework/boot/SpringApplicationCustomizer> (0x00000000e11ebe18) thrown at [C:\re\workspace\8-2-build-windows-amd64-cygwin\jdk8u162\10278\hotspot\src\share\vm\classfile\systemDictionary.cpp, line 
Event: 1.787 Thread 0x000000000242e000 Implicit null exception at 0x0000000002b82544 to 0x0000000002b827ad
Event: 1.788 Thread 0x000000000242e000 Implicit null exception at 0x0000000002b3cc2f to 0x0000000002b3cc99

Events (10 events):
Event: 2.029 loading class org/apache/tomcat/util/digester/ArrayStack done
Event: 2.029 Thread 0x00000000597d1800 DEOPT PACKING pc=0x0000000002accb31 sp=0x000000005a2fce50
Event: 2.029 Thread 0x00000000597d1800 DEOPT UNPACKING pc=0x0000000002947490 sp=0x000000005a2fcba0 mode 1
Event: 2.029 Thread 0x00000000597d1800 DEOPT PACKING pc=0x0000000002a9a13c sp=0x000000005a2fced0
Event: 2.029 Thread 0x00000000597d1800 DEOPT UNPACKING pc=0x0000000002947490 sp=0x000000005a2fccf0 mode 1
Event: 2.029 Thread 0x00000000597d1800 DEOPT PACKING pc=0x0000000002a99ed4 sp=0x000000005a2fd060
Event: 2.029 Thread 0x00000000597d1800 DEOPT UNPACKING pc=0x0000000002947490 sp=0x000000005a2fce80 mode 1
Event: 2.030 Executing VM operation: Deoptimize
Event: 2.039 Thread 0x000000000242e000 DEOPT PACKING pc=0x0000000002a99ed4 sp=0x000000000278d0f0
Event: 2.039 Thread 0x000000000242e000 DEOPT UNPACKING pc=0x0000000002947490 sp=0x000000000278cf10 mode 1


Dynamic libraries:
0x000000013f170000 - 0x000000013f1a7000 	C:\Program Files\Java\jdk1.8.0_162\bin\java.exe
0x0000000077a80000 - 0x0000000077c1f000 	C:\Windows\SYSTEM32\ntdll.dll
0x0000000077860000 - 0x000000007797f000 	C:\Windows\system32\kernel32.dll
0x000007fefdaa0000 - 0x000007fefdb0a000 	C:\Windows\system32\KERNELBASE.dll
0x000007fefe270000 - 0x000007fefe34b000 	C:\Windows\system32\ADVAPI32.dll
0x000007fefddf0000 - 0x000007fefde8f000 	C:\Windows\system32\msvcrt.dll
0x000007fefdc00000 - 0x000007fefdc1f000 	C:\Windows\SYSTEM32\sechost.dll
0x000007fefe140000 - 0x000007fefe26d000 	C:\Windows\system32\RPCRT4.dll
0x0000000077980000 - 0x0000000077a7a000 	C:\Windows\system32\USER32.dll
0x000007fefdd80000 - 0x000007fefdde7000 	C:\Windows\system32\GDI32.dll
0x000007fefdd70000 - 0x000007fefdd7e000 	C:\Windows\system32\LPK.dll
0x000007fefdca0000 - 0x000007fefdd6b000 	C:\Windows\system32\USP10.dll
0x000007fefbef0000 - 0x000007fefc0e4000 	C:\Windows\WinSxS\amd64_microsoft.windows.common-controls_6595b64144ccf1df_6.0.7601.18837_none_fa3b1e3d17594757\COMCTL32.dll
0x000007fefdc20000 - 0x000007fefdc91000 	C:\Windows\system32\SHLWAPI.dll
0x000007fefe350000 - 0x000007fefe37e000 	C:\Windows\system32\IMM32.DLL
0x000007feffc00000 - 0x000007feffd09000 	C:\Windows\system32\MSCTF.dll
0x0000000071d10000 - 0x0000000071de1000 	C:\Program Files\Java\jdk1.8.0_162\jre\bin\msvcr100.dll
0x000000006b040000 - 0x000000006b8e0000 	C:\Program Files\Java\jdk1.8.0_162\jre\bin\server\jvm.dll
0x000007fef6e10000 - 0x000007fef6e19000 	C:\Windows\system32\WSOCK32.dll
0x000007fefdb10000 - 0x000007fefdb5d000 	C:\Windows\system32\WS2_32.dll
0x000007fefde90000 - 0x000007fefde98000 	C:\Windows\system32\NSI.dll
0x000007fef9fe0000 - 0x000007fefa01b000 	C:\Windows\system32\WINMM.dll
0x000007fefc7f0000 - 0x000007fefc7fc000 	C:\Windows\system32\VERSION.dll
0x0000000077c30000 - 0x0000000077c37000 	C:\Windows\system32\PSAPI.DLL
0x00000000728f0000 - 0x00000000728ff000 	C:\Program Files\Java\jdk1.8.0_162\jre\bin\verify.dll
0x0000000072020000 - 0x0000000072049000 	C:\Program Files\Java\jdk1.8.0_162\jre\bin\java.dll
0x0000000071e90000 - 0x0000000071ec5000 	C:\Program Files\Java\jdk1.8.0_162\jre\bin\jdwp.dll
0x00000000728e0000 - 0x00000000728e8000 	C:\Program Files\Java\jdk1.8.0_162\jre\bin\npt.dll
0x0000000071e60000 - 0x0000000071e83000 	C:\Program Files\Java\jdk1.8.0_162\jre\bin\instrument.dll
0x0000000072560000 - 0x0000000072576000 	C:\Program Files\Java\jdk1.8.0_162\jre\bin\zip.dll
0x000007fefe8d0000 - 0x000007feff65b000 	C:\Windows\system32\SHELL32.dll
0x000007fefdea0000 - 0x000007fefe09d000 	C:\Windows\system32\ole32.dll
0x000007fefd760000 - 0x000007fefd76f000 	C:\Windows\system32\profapi.dll
0x0000000072900000 - 0x0000000072909000 	C:\Program Files\Java\jdk1.8.0_162\jre\bin\dt_socket.dll
0x000007fefcee0000 - 0x000007fefcf35000 	C:\Windows\system32\mswsock.dll
0x000007fefc8c0000 - 0x000007fefc8c7000 	C:\Windows\System32\wshtcpip.dll
0x0000000071fd0000 - 0x0000000071fdd000 	C:\Program Files\Java\jdk1.8.0_162\jre\bin\management.dll
0x0000000072000000 - 0x000000007201a000 	C:\Program Files\Java\jdk1.8.0_162\jre\bin\net.dll
0x000007fefced0000 - 0x000007fefced7000 	C:\Windows\System32\wship6.dll
0x000007fefb6d0000 - 0x000007fefb6e5000 	C:\Windows\system32\NLAapi.dll
0x000007fef5e10000 - 0x000007fef5e25000 	C:\Windows\system32\napinsp.dll
0x000007fef5df0000 - 0x000007fef5e09000 	C:\Windows\system32\pnrpnsp.dll
0x000007fefcd60000 - 0x000007fefcdbb000 	C:\Windows\system32\DNSAPI.dll
0x000007fef5de0000 - 0x000007fef5deb000 	C:\Windows\System32\winrnr.dll
0x000007fefb3a0000 - 0x000007fefb3c7000 	C:\Windows\system32\IPHLPAPI.DLL
0x000007fefb390000 - 0x000007fefb39b000 	C:\Windows\system32\WINNSI.DLL
0x000007fef8d10000 - 0x000007fef8d18000 	C:\Windows\system32\rasadhlp.dll
0x000007fefb250000 - 0x000007fefb2a3000 	C:\Windows\System32\fwpuclnt.dll

VM Arguments:
jvm_args: -agentlib:jdwp=transport=dt_socket,address=127.0.0.1:50154,suspend=y,server=n -Didea.test.cyclic.buffer.size=1048576 -javaagent:C:\Users\admin\AppData\Local\Temp\capture1382jars\debugger-agent.jar=file:/C:/Users/admin/AppData/Local/Temp/capture.props -Dfile.encoding=UTF-8 
java_command: com.intellij.rt.execution.junit.JUnitStarter -ideVersion5 -junit4 com.hrtx.test.TestDemo,girlList
java_class_path (initial): C:\Program Files\JetBrains\IntelliJ IDEA 2018.1.1\lib\idea_rt.jar;C:\Program Files\JetBrains\IntelliJ IDEA 2018.1.1\plugins\junit\lib\junit-rt.jar;C:\Program Files\JetBrains\IntelliJ IDEA 2018.1.1\plugins\junit\lib\junit5-rt.jar;C:\Program Files\Java\jdk1.8.0_162\jre\lib\charsets.jar;C:\Program Files\Java\jdk1.8.0_162\jre\lib\deploy.jar;C:\Program Files\Java\jdk1.8.0_162\jre\lib\ext\access-bridge-64.jar;C:\Program Files\Java\jdk1.8.0_162\jre\lib\ext\cldrdata.jar;C:\Program Files\Java\jdk1.8.0_162\jre\lib\ext\dnsns.jar;C:\Program Files\Java\jdk1.8.0_162\jre\lib\ext\jaccess.jar;C:\Program Files\Java\jdk1.8.0_162\jre\lib\ext\jfxrt.jar;C:\Program Files\Java\jdk1.8.0_162\jre\lib\ext\localedata.jar;C:\Program Files\Java\jdk1.8.0_162\jre\lib\ext\nashorn.jar;C:\Program Files\Java\jdk1.8.0_162\jre\lib\ext\sunec.jar;C:\Program Files\Java\jdk1.8.0_162\jre\lib\ext\sunjce_provider.jar;C:\Program Files\Java\jdk1.8.0_162\jre\lib\ext\sunmscapi.jar;C:\Program Files\Java\jdk1.8.0_162\jre\lib\ext\sunpkcs11.jar;C:\Program Files\Java\jdk1.8.0_162\jre\lib\ext\zipfs.jar;C:\Program Files\Java\jdk1.8.0_162\jre\lib\javaws.jar;C:\Program Files\Java\jdk1.8.0_162\jre\lib\jce.jar;C:\Program Files\Java\jdk1.8.0_162\jre\lib\jfr.jar;C:\Program Files\Java\jdk1.8.0_162\jre\lib\jfxswt.jar;C:\Program Files\Java\jdk1.8.0_162\jre\lib\jsse.jar;C:\Program Files\Java\jdk1.8.0_162\jre\lib\management-agent.jar;C:\Program Files\Java\jdk1.8.0_162\jre\lib\plugin.jar;C:\Program Files\Java\jdk1.8.0_162\jre\lib\resources.jar;C:\Program Files\Java\jdk1.8.0_162\jre\lib\rt.jar;D:\project\egt365-hk\target\classes;C:\Users\admin\.m2\repository\junit\junit\4.12\junit-4.12.jar;C:\Users\admin\.m2\repository\org\hamcrest\hamcrest-core\1.3\hamcrest-core-1.3.jar;C:\Users\admin\.m2\repository\org\springframework\boot\spring-boot-starter-test\1.5.9.RELEASE\spring-boot-starter-test-1.5.9.RELEASE.jar;C:\Users\admin\.m2\repository\org\springframework\boot\spring-boot-test\1.5.9.RELEASE\spring-boot-test
Launcher Type: SUN_STANDARD

Environment Variables:
PATH=C:\ProgramData\Oracle\Java\javapath;C:\Windows\system32;C:\Windows;C:\Windows\System32\Wbem;C:\Windows\System32\WindowsPowerShell\v1.0\;C:\Program Files\Git\cmd;C:\Program Files\TortoiseSVN\bin;C:\Program Files\PuTTY\;
USERNAME=admin
OS=Windows_NT
PROCESSOR_IDENTIFIER=AMD64 Family 23 Model 1 Stepping 1, AuthenticAMD



---------------  S Y S T E M  ---------------

OS: Windows 7 , 64 bit Build 7601 (6.1.7601.24094)

CPU:total 4 (initial active 4) (4 cores per cpu, 1 threads per core) family 23 model 1 stepping 1, cmov, cx8, fxsr, mmx, sse, sse2, sse3, ssse3, sse4.1, sse4.2, popcnt, avx, avx2, aes, clmul, mmxext, 3dnowpref, lzcnt, sse4a, tsc, tscinvbit, tscinv, bmi1

Memory: 4k page, physical 6290936k(641568k free), swap 7337636k(5196k free)

vm_info: Java HotSpot(TM) 64-Bit Server VM (25.162-b12) for windows-amd64 JRE (1.8.0_162-b12), built on Dec 19 2017 20:00:03 by "java_re" with MS VC++ 10.0 (VS2010)

time: Mon Jun 04 11:02:33 2018
elapsed time: 2 seconds (0d 0h 0m 2s)

